2017-01-19 16:43:22,673 - dcc_jp2_converter.scripts - INFO - Searching "/Volumes/G-RAID with Thunderbolt/test_tifs" for object folders with access tiffs.
2017-01-19 16:43:22,676 - dcc_jp2_converter.scripts - INFO - Folder: 1 of 40: "/Volumes/G-RAID with Thunderbolt/test_tifs/0852_0001_01/access"
2017-01-19 16:43:22,677 - dcc_jp2_converter - INFO - Converted files 0 in /Volumes/G-RAID with Thunderbolt/test_tifs/0852_0001_01/access.
2017-01-19 16:43:22,678 - dcc_jp2_converter.scripts - INFO - Folder: 2 of 40: "/Volumes/G-RAID with Thunderbolt/test_tifs/0852_0002_01/access"
2017-01-19 16:43:22,678 - dcc_jp2_converter - INFO - Converted files 0 in /Volumes/G-RAID with Thunderbolt/test_tifs/0852_0002_01/access.
2017-01-19 16:43:22,678 - dcc_jp2_converter.scripts - INFO - Folder: 3 of 40: "/Volumes/G-RAID with Thunderbolt/test_tifs/0852_0003_01/access"
2017-01-19 16:43:22,679 - dcc_jp2_converter - INFO - Converted files 0 in /Volumes/G-RAID with Thunderbolt/test_tifs/0852_0003_01/access.
2017-01-19 16:43:22,679 - dcc_jp2_converter.scripts - INFO - Folder: 4 of 40: "/Volumes/G-RAID with Thunderbolt/test_tifs/0852_0004_01/access"
2017-01-19 16:43:22,679 - dcc_jp2_converter - INFO - Converted files 0 in /Volumes/G-RAID with Thunderbolt/test_tifs/0852_0004_01/access.
2017-01-19 16:43:22,679 - dcc_jp2_converter.scripts - INFO - Folder: 5 of 40: "/Volumes/G-RAID with Thunderbolt/test_tifs/0852_0005_01/access"
2017-01-19 16:43:22,679 - dcc_jp2_converter - INFO - Converted files 0 in /Volumes/G-RAID with Thunderbolt/test_tifs/0852_0005_01/access.
2017-01-19 16:43:22,680 - dcc_jp2_converter.scripts - INFO - Folder: 6 of 40: "/Volumes/G-RAID with Thunderbolt/test_tifs/0852_0006_01/access"
2017-01-19 16:43:22,680 - dcc_jp2_converter - INFO - Converted files 0 in /Volumes/G-RAID with Thunderbolt/test_tifs/0852_0006_01/access.
2017-01-19 16:43:22,680 - dcc_jp2_converter.scripts - INFO - Folder: 7 of 40: "/Volumes/G-RAID with Thunderbolt/test_tifs/0852_0006_02/access"
2017-01-19 16:43:22,680 - dcc_jp2_converter - INFO - Converted files 0 in /Volumes/G-RAID with Thunderbolt/test_tifs/0852_0006_02/access.
2017-01-19 16:43:22,680 - dcc_jp2_converter.scripts - INFO - Folder: 8 of 40: "/Volumes/G-RAID with Thunderbolt/test_tifs/0852_0007_01/access"
2017-01-19 16:43:22,680 - dcc_jp2_converter - INFO - Converted files 0 in /Volumes/G-RAID with Thunderbolt/test_tifs/0852_0007_01/access.
2017-01-19 16:43:22,681 - dcc_jp2_converter.scripts - INFO - Folder: 9 of 40: "/Volumes/G-RAID with Thunderbolt/test_tifs/0852_0009_01/access"
2017-01-19 16:43:22,681 - dcc_jp2_converter - INFO - Converted files 0 in /Volumes/G-RAID with Thunderbolt/test_tifs/0852_0009_01/access.
2017-01-19 16:43:22,681 - dcc_jp2_converter.scripts - INFO - Folder: 10 of 40: "/Volumes/G-RAID with Thunderbolt/test_tifs/0852_0010_01/access"
2017-01-19 16:43:22,681 - dcc_jp2_converter - INFO - Converted files 0 in /Volumes/G-RAID with Thunderbolt/test_tifs/0852_0010_01/access.
2017-01-19 16:43:22,681 - dcc_jp2_converter.scripts - INFO - Folder: 11 of 40: "/Volumes/G-RAID with Thunderbolt/test_tifs/0852_0011_01/access"
2017-01-19 16:43:22,681 - dcc_jp2_converter - INFO - Converted files 0 in /Volumes/G-RAID with Thunderbolt/test_tifs/0852_0011_01/access.
2017-01-19 16:43:22,682 - dcc_jp2_converter.scripts - INFO - Folder: 12 of 40: "/Volumes/G-RAID with Thunderbolt/test_tifs/0852_0014_01/access"
2017-01-19 16:43:22,682 - dcc_jp2_converter - INFO - Converted files 0 in /Volumes/G-RAID with Thunderbolt/test_tifs/0852_0014_01/access.
2017-01-19 16:43:22,682 - dcc_jp2_converter.scripts - INFO - Folder: 13 of 40: "/Volumes/G-RAID with Thunderbolt/test_tifs/0852_0015_01/access"
2017-01-19 16:43:22,682 - dcc_jp2_converter - INFO - Converted files 0 in /Volumes/G-RAID with Thunderbolt/test_tifs/0852_0015_01/access.
2017-01-19 16:43:22,682 - dcc_jp2_converter.scripts - INFO - Folder: 14 of 40: "/Volumes/G-RAID with Thunderbolt/test_tifs/0852_0017_01/access"
2017-01-19 16:43:22,682 - dcc_jp2_converter - INFO - Converted files 0 in /Volumes/G-RAID with Thunderbolt/test_tifs/0852_0017_01/access.
2017-01-19 16:43:22,683 - dcc_jp2_converter.scripts - INFO - Folder: 15 of 40: "/Volumes/G-RAID with Thunderbolt/test_tifs/0852_0018_01/access"
2017-01-19 16:43:22,683 - dcc_jp2_converter - INFO - Converted files 0 in /Volumes/G-RAID with Thunderbolt/test_tifs/0852_0018_01/access.
2017-01-19 16:43:22,683 - dcc_jp2_converter.scripts - INFO - Folder: 16 of 40: "/Volumes/G-RAID with Thunderbolt/test_tifs/0852_0019_01/access"
2017-01-19 16:43:22,683 - dcc_jp2_converter - INFO - Converted files 0 in /Volumes/G-RAID with Thunderbolt/test_tifs/0852_0019_01/access.
2017-01-19 16:43:22,683 - dcc_jp2_converter.scripts - INFO - Folder: 17 of 40: "/Volumes/G-RAID with Thunderbolt/test_tifs/0852_0019_02/access"
2017-01-19 16:43:22,683 - dcc_jp2_converter - INFO - Converted files 0 in /Volumes/G-RAID with Thunderbolt/test_tifs/0852_0019_02/access.
2017-01-19 16:43:22,684 - dcc_jp2_converter.scripts - INFO - Folder: 18 of 40: "/Volumes/G-RAID with Thunderbolt/test_tifs/0852_0019_03/access"
2017-01-19 16:43:22,684 - dcc_jp2_converter - INFO - Converted files 0 in /Volumes/G-RAID with Thunderbolt/test_tifs/0852_0019_03/access.
2017-01-19 16:43:22,684 - dcc_jp2_converter.scripts - INFO - Folder: 19 of 40: "/Volumes/G-RAID with Thunderbolt/test_tifs/0852_0019_04/access"
2017-01-19 16:43:22,684 - dcc_jp2_converter - INFO - Converted files 0 in /Volumes/G-RAID with Thunderbolt/test_tifs/0852_0019_04/access.
2017-01-19 16:43:22,684 - dcc_jp2_converter.scripts - INFO - Folder: 20 of 40: "/Volumes/G-RAID with Thunderbolt/test_tifs/0852_0020_01/access"
2017-01-19 16:43:22,684 - dcc_jp2_converter - INFO - Converted files 0 in /Volumes/G-RAID with Thunderbolt/test_tifs/0852_0020_01/access.
2017-01-19 16:43:22,685 - dcc_jp2_converter.scripts - INFO - Folder: 21 of 40: "/Volumes/G-RAID with Thunderbolt/test_tifs/test_tifs_backup/0852_0001_01/access"
2017-01-19 16:43:22,685 - dcc_jp2_converter - INFO - Converting part 1 of 6: From 0852_0001_01-001.tif to 0852_0001_01-001.jp2 
2017-01-19 16:43:25,667 - dcc_jp2_converter - INFO - None
2017-01-19 16:43:25,667 - dcc_jp2_converter - WARNING - None
2017-01-19 16:43:25,670 - dcc_jp2_converter - WARNING - Job Terminated
